

----------------------------------------------------------
Optimizring Batch 1/1
----------------------------------------------------------


 OPTIMIZATION INPUTS: 

Column Volume: 1374.4467859455347 cm^3 | 1.3744467859455347 L
Column CSA: 19.634954084936208 cm^2
Column Length: 70 cm
Column Diameter: 5 cm
Optimization Budget: 50
Sampling Budget: 1
[Q_min, Q_max] = [12.0, 1.0] L/h
bounds:
m1: (2.5, 4.5)
m2: (1.5, 2)
m3: (2.5, 4.5)
m4: (1.5, 2)
t_index: (4.0, 20) min
k:[0]
[m1, m2, m3, m4]: [3.0, 2.13, 2.35, 1.5], t_index: 10.0
Q_internal: [4.30659993 3.42970288 3.65144696 2.79470846] cm^s/s
Q_internal: [15.50375975 12.34693037 13.14520906 10.06095047] L/h
----------------------------------
Q_external: [0.22174408 0.8567385  1.51189146 0.87689705] cm^s/s
Q_external: [0.79827869 3.08425859 5.44280927 3.15682938] L/h
raff_cprofile shape:(2, 5807)
C_feed shape:(2, 5807), 
Pur: 0.5545411982782807, 0.8530983742059307
Rec: 0.37436511822458796, 0.4152247379634228


all_initial_inputs
[[ 3.    2.13  2.35  1.5  10.  ]]
all_initial_outputs
[[0.37436512 0.41522474 0.5545412  0.85309837]]
running opt
c1-size: (1,)
c2-size: (1,)


Starting gen 1
Maxing ECI
[m1, m2, m3, m4]: [3.628987313814498, 1.8357875645528385, 4.411471654402869, 1.7316995529248584], t_index: 4.320005389108495
Q_internal: [11.43649877  7.25267158 13.26216222  7.00981729] cm^s/s
Q_internal: [41.17139556 26.10961771 47.743784   25.23534226] L/h
----------------------------------
Q_external: [6.00949064 6.25234493 4.42668147 4.18382718] cm^s/s
Q_external: [21.63416629 22.50844174 15.93605329 15.06177785] L/h
raff_cprofile shape:(2, 15347)
C_feed shape:(2, 15347), 

Gen 1 Status:
 | Sampled Inputs:[3.62898731 1.83578756 4.41147165 1.73169955], 86.4001077821699 min [m1, m2, m3, m4, t_index]|
 Outputs: G_f1: 81.60341489441322 %, F_f2: 20.820880335176465 % | GPur, FPur: 33.6155188468003%, 77.28353450836015%


Starting gen 2
Maxing ECI
[m1, m2, m3, m4]: [3.2879176803223085, 1.5674936462741216, 2.8770928054666283, 1.8214184372905309], t_index: 6.22624823319334
Q_internal: [7.38293744 4.59785262 6.71787923 5.00891528] cm^s/s
Q_internal: [26.57857478 16.55226944 24.18436524 18.03209502] L/h
----------------------------------
Q_external: [2.12002661 1.70896395 2.37402216 2.78508482] cm^s/s
Q_external: [ 7.6320958   6.15227022  8.54647976 10.02630534] L/h
raff_cprofile shape:(2, 9233)
C_feed shape:(2, 9233), 

Gen 2 Status:
 | Sampled Inputs:[3.28791768 1.56749365 2.87709281 1.82141844], 124.5249646638668 min [m1, m2, m3, m4, t_index]|
 Outputs: G_f1: 48.21902285157334 %, F_f2: 57.40540044880844 % | GPur, FPur: 39.51610929338747%, 74.55423783985188%


Starting gen 3
Maxing ECI
[m1, m2, m3, m4]: [2.5002034907279325, 1.500782318297786, 2.5000166398418613, 1.500474768412981], t_index: 4.002172954729688
Q_internal: [9.50194121 6.98494797 9.50147063 6.98417342] cm^s/s
Q_internal: [34.20698835 25.14581269 34.20529428 25.14302431] L/h
----------------------------------
Q_external: [2.51652266 2.51729721 2.51776779 2.51699324] cm^s/s
Q_external: [9.05948159 9.06226997 9.06396404 9.06117566] L/h
raff_cprofile shape:(2, 12163)
C_feed shape:(2, 12163), 

Gen 3 Status:
 | Sampled Inputs:[2.50020349 1.50078232 2.50001664 1.50047477], 80.04345909459376 min [m1, m2, m3, m4, t_index]|
 Outputs: G_f1: 34.98678043398872 %, F_f2: 65.93156886919826 % | GPur, FPur: 39.51600755036032%, 72.06625059419079%


Starting gen 4
Maxing ECI
[m1, m2, m3, m4]: [4.49995925574662, 1.9999117951452485, 4.499968996472627, 1.9998228598054386], t_index: 4.000584466863144
Q_internal: [14.54400069  8.24525369 14.54402524  8.24502962] cm^s/s
Q_internal: [52.3584025  29.68291327 52.35849085 29.68210662] L/h
----------------------------------
Q_external: [6.29877155 6.29899562 6.29897108 6.29874701] cm^s/s
Q_external: [22.67557758 22.67638423 22.67629588 22.67548923] L/h
raff_cprofile shape:(2, 16841)
C_feed shape:(2, 16841), 

Gen 4 Status:
 | Sampled Inputs:[4.49995926 1.9999118  4.499969   1.99982286], 80.01168933726288 min [m1, m2, m3, m4, t_index]|
 Outputs: G_f1: 84.4899398922219 %, F_f2: 17.594606199078825 % | GPur, FPur: 32.97946733377658%, 76.60742117884467%


Starting gen 5
Maxing ECI
[m1, m2, m3, m4]: [4.499984997167094, 1.5000477084801003, 4.499983853818123, 1.5000087753614457], t_index: 4.000111187704375
Q_internal: [14.54578635  6.98669717 14.54578347  6.98659907] cm^s/s
Q_internal: [52.36483087 25.15210981 52.3648205  25.15175665] L/h
----------------------------------
Q_external: [7.5590863  7.5591844  7.55918728 7.55908918] cm^s/s
Q_external: [27.21271068 27.21306385 27.21307422 27.21272106] L/h
raff_cprofile shape:(2, 16669)
C_feed shape:(2, 16669), 

Gen 5 Status:
 | Sampled Inputs:[4.499985   1.50004771 4.49998385 1.50000878], 80.00222375408751 min [m1, m2, m3, m4, t_index]|
 Outputs: G_f1: 73.39200633336318 %, F_f2: 30.821321612529534 % | GPur, FPur: 33.73180213143028%, 74.2025404336894%


Starting gen 6
Maxing ECI
[m1, m2, m3, m4]: [2.500020849037199, 1.9999899125507323, 4.4999759008176055, 1.999999183946621], t_index: 4.000213365475495
Q_internal: [ 9.50613573  8.24621543 14.54539189  8.24623879] cm^s/s
Q_internal: [34.22208865 29.68637556 52.3634108  29.68645966] L/h
----------------------------------
Q_external: [6.29917646 6.29915309 1.25989694 1.2599203 ] cm^s/s
Q_external: [22.67703524 22.67695114  4.53562899  4.53571309] L/h
raff_cprofile shape:(2, 16677)
C_feed shape:(2, 16677), 

Gen 6 Status:
 | Sampled Inputs:[2.50002085 1.99998991 4.4999759  1.99999918], 80.0042673095099 min [m1, m2, m3, m4, t_index]|
 Outputs: G_f1: 86.48965767846029 %, F_f2: 11.88520583268084 % | GPur, FPur: 32.661300423204324%, 76.44260850618782%


Starting gen 7
Maxing ECI
[m1, m2, m3, m4]: [4.149454627749509, 1.9999255746970954, 4.4999982836716095, 1.9993334508113754], t_index: 4.0000090969141056
Q_internal: [13.66288648  8.24647442 14.54619108  8.24498238] cm^s/s
Q_internal: [49.18639135 29.68730792 52.36628788 29.68193657] L/h
----------------------------------
Q_external: [6.29971666 6.3012087  5.4179041  5.41641206] cm^s/s
Q_external: [22.67897996 22.68435131 19.50445477 19.49908342] L/h
raff_cprofile shape:(2, 16680)
C_feed shape:(2, 16680), 

Gen 7 Status:
 | Sampled Inputs:[4.14945463 1.99992557 4.49999828 1.99933345], 80.00018193828211 min [m1, m2, m3, m4, t_index]|
 Outputs: G_f1: 84.62161935632307 %, F_f2: 17.139039653977658 % | GPur, FPur: 32.978631997064866%, 76.66404301321668%


Starting gen 8
Maxing ECI
[m1, m2, m3, m4]: [4.4972973783994, 1.999543495718101, 4.499651755825723, 1.9995464150706899], t_index: 4.006911107581964
Q_internal: [14.51434082  8.23130854 14.5202632   8.23131589] cm^s/s
Q_internal: [52.25162697 29.63271075 52.27294751 29.63273719] L/h
----------------------------------
Q_external: [6.28895465 6.28894731 6.28302494 6.28303228] cm^s/s
Q_external: [22.64023676 22.64021032 22.61888978 22.61891621] L/h
raff_cprofile shape:(2, 16799)
C_feed shape:(2, 16799), 

Gen 8 Status:
 | Sampled Inputs:[4.49729738 1.9995435  4.49965176 1.99954642], 80.13822215163928 min [m1, m2, m3, m4, t_index]|
 Outputs: G_f1: 84.47850199202755 %, F_f2: 17.60922788835265 % | GPur, FPur: 32.98278539938863%, 76.61514191281121%


Starting gen 9
Maxing ECI
[m1, m2, m3, m4]: [2.5352039830402715, 1.500010712746007, 2.50001648730073, 1.5000075746145969], t_index: 10.079003214126894
Q_internal: [3.80803448 2.77281315 3.77284603 2.77281001] cm^s/s
Q_internal: [13.70892412  9.98212733 13.58224571  9.98211603] L/h
----------------------------------
Q_external: [1.00003288 1.00003602 1.03522447 1.03522133] cm^s/s
Q_external: [3.60011838 3.60012967 3.72680809 3.72679679] L/h
raff_cprofile shape:(2, 5499)
C_feed shape:(2, 5499), 

Gen 9 Status:
 | Sampled Inputs:[2.53520398 1.50001071 2.50001649 1.50000757], 201.58006428253788 min [m1, m2, m3, m4, t_index]|
 Outputs: G_f1: 26.456518150676256 %, F_f2: 63.54847178696269 % | GPur, FPur: 47.672789454851234%, 73.05977026100308%


Starting gen 10
Maxing ECI
[m1, m2, m3, m4]: [2.832741280595861, 1.5000008782795649, 2.832732085417894, 1.5000008451736082], t_index: 13.432962774468667
Q_internal: [3.08049334 2.08048619 3.08048645 2.08048616] cm^s/s
Q_internal: [11.08977604  7.48975027 11.0897512   7.48975018] L/h
----------------------------------
Q_external: [1.00000026 1.00000028 1.00000718 1.00000716] cm^s/s
Q_external: [3.60000093 3.60000102 3.60002586 3.60002577] L/h
raff_cprofile shape:(2, 4602)
C_feed shape:(2, 4602), 

Gen 10 Status:
 | Sampled Inputs:[2.83274128 1.50000088 2.83273209 1.50000085], 268.6592554893733 min [m1, m2, m3, m4, t_index]|
 Outputs: G_f1: 38.33660198119948 %, F_f2: 51.51192234335029 % | GPur, FPur: 41.69847328068184%, 74.41148280554786%


Starting gen 11
Maxing ECI
[m1, m2, m3, m4]: [4.49993414421825, 1.9998963126317826, 4.499956524457384, 1.9998647586408613], t_index: 4.000560871504507
Q_internal: [14.54402321  8.24526331 14.54407959  8.24518381] cm^s/s
Q_internal: [52.35848355 29.68294791 52.35868654 29.68266172] L/h
----------------------------------
Q_external: [6.29881629 6.29889578 6.2988394  6.2987599 ] cm^s/s
Q_external: [22.67573863 22.67602482 22.67582183 22.67553564] L/h
raff_cprofile shape:(2, 16843)
C_feed shape:(2, 16843), 

Gen 11 Status:
 | Sampled Inputs:[4.49993414 1.99989631 4.49995652 1.99986476], 80.01121743009014 min [m1, m2, m3, m4, t_index]|
 Outputs: G_f1: 84.48111364730185 %, F_f2: 17.60728948837421 % | GPur, FPur: 32.98067853360347%, 76.60654213246004%


Starting gen 12
Maxing ECI
[m1, m2, m3, m4]: [4.498979971760719, 1.9998968640921169, 4.499712626784153, 1.999639608730028], t_index: 4.006641471333497
Q_internal: [14.5195504   8.23275144 14.5213935   8.23210427] cm^s/s
Q_internal: [52.27038145 29.63790517 52.27701661 29.63557539] L/h
----------------------------------
Q_external: [6.28864207 6.28928923 6.28744613 6.28679897] cm^s/s
Q_external: [22.63911143 22.64144122 22.63480607 22.63247628] L/h
raff_cprofile shape:(2, 16803)
C_feed shape:(2, 16803), 

Gen 12 Status:
 | Sampled Inputs:[4.49897997 1.99989686 4.49971263 1.99963961], 80.13282942666993 min [m1, m2, m3, m4, t_index]|
 Outputs: G_f1: 84.48780332994286 %, F_f2: 17.59532547713116 % | GPur, FPur: 32.98137987373798%, 76.61600996520625%


Starting gen 13
Maxing ECI
[m1, m2, m3, m4]: [2.502335658639258, 1.5001954241143953, 2.500266172377798, 1.5002004495710872], t_index: 10.07934780778831
Q_internal: [3.7750362  2.77290306 3.77296673 2.77290809] cm^s/s
Q_internal: [13.59013031  9.98245102 13.58268022  9.98246911] L/h
----------------------------------
Q_external: [1.00006367 1.00005864 1.00212811 1.00213314] cm^s/s
Q_external: [3.6002292  3.60021111 3.6076612  3.6076793 ] L/h
raff_cprofile shape:(2, 5503)
C_feed shape:(2, 5503), 

Gen 13 Status:
 | Sampled Inputs:[2.50233566 1.50019542 2.50026617 1.50020045], 201.5869561557662 min [m1, m2, m3, m4, t_index]|
 Outputs: G_f1: 26.565039749412744 %, F_f2: 62.626895972770214 % | GPur, FPur: 47.235321438646004%, 72.96449322546256%


Starting gen 14
Maxing ECI
[m1, m2, m3, m4]: [2.5039536413966927, 1.5001806224940186, 2.5012687572930505, 1.5001941093792943], t_index: 10.086990543116839
Q_internal: [3.77379266 2.77078729 3.77110983 2.77080077] cm^s/s
Q_internal: [13.58565359  9.97483424 13.5759954   9.97488276] L/h
----------------------------------
Q_external: [1.00032254 1.00030907 1.0029919  1.00300537] cm^s/s
Q_external: [3.60116116 3.60111264 3.61077083 3.61081935] L/h
raff_cprofile shape:(2, 5488)
C_feed shape:(2, 5488), 

Gen 14 Status:
 | Sampled Inputs:[2.50395364 1.50018062 2.50126876 1.50019411], 201.73981086233678 min [m1, m2, m3, m4, t_index]|
 Outputs: G_f1: 26.655911141103516 %, F_f2: 62.596101622401356 % | GPur, FPur: 47.23012152520456%, 72.98470273330452%


Starting gen 15
Maxing ECI
[m1, m2, m3, m4]: [4.499976729901634, 1.9999316053717402, 4.499983300281547, 1.9999977698492928], t_index: 4.002089511809711
Q_internal: [14.53857522  8.24220283 14.53859176  8.24236946] cm^s/s
Q_internal: [52.33887078 29.67193018 52.33893035 29.67253007] L/h
----------------------------------
Q_external: [6.29638894 6.2962223  6.29620575 6.29637239] cm^s/s
Q_external: [22.66700017 22.66640028 22.66634071 22.6669406 ] L/h
raff_cprofile shape:(2, 16844)
C_feed shape:(2, 16844), 

Gen 15 Status:
 | Sampled Inputs:[4.49997673 1.99993161 4.4999833  1.99999777], 80.04179023619422 min [m1, m2, m3, m4, t_index]|
 Outputs: G_f1: 84.48465648313794 %, F_f2: 17.59990032966869 % | GPur, FPur: 32.979977086484574%, 76.60692734411357%


Starting gen 16
Maxing ECI
[m1, m2, m3, m4]: [2.504117904660613, 1.5000068981745778, 2.5010161689940245, 1.500013405948044], t_index: 10.081949195638948
Q_internal: [3.77584392 2.77199911 3.77274301 2.77200561] cm^s/s
Q_internal: [13.59303811  9.97919679 13.58187483  9.97922021] L/h
----------------------------------
Q_external: [1.0007439  1.00073739 1.00383831 1.00384481] cm^s/s
Q_external: [3.60267804 3.60265462 3.6138179  3.61384133] L/h
raff_cprofile shape:(2, 5508)
C_feed shape:(2, 5508), 

Gen 16 Status:
 | Sampled Inputs:[2.5041179  1.5000069  2.50101617 1.50001341], 201.63898391277897 min [m1, m2, m3, m4, t_index]|
 Outputs: G_f1: 26.627976384574925 %, F_f2: 62.628282723525196 % | GPur, FPur: 47.23732315778092%, 72.97929671599351%


Starting gen 17
Maxing ECI
[m1, m2, m3, m4]: [2.6550549993576507, 1.5000052121189753, 2.655034407418652, 1.5000053631419015], t_index: 11.6418096088009
Q_internal: [3.40060563 2.4005836  3.4005878  2.40058373] cm^s/s
Q_internal: [12.24218026  8.64210095 12.24211608  8.64210142] L/h
----------------------------------
Q_external: [1.0000042  1.00000407 1.0000219  1.00002203] cm^s/s
Q_external: [3.60001513 3.60001466 3.60007884 3.60007931] L/h
raff_cprofile shape:(2, 4999)
C_feed shape:(2, 4999), 

Gen 17 Status:
 | Sampled Inputs:[2.655055   1.50000521 2.65503441 1.50000536], 232.836192176018 min [m1, m2, m3, m4, t_index]|
 Outputs: G_f1: 32.554964026498325 %, F_f2: 57.82085216683218 % | GPur, FPur: 44.858237994876866%, 73.90503628430936%


Starting gen 18
Maxing ECI
[m1, m2, m3, m4]: [2.5007466640905296, 1.5002508482472439, 2.500203892843995, 1.5002616527183839], t_index: 10.068422433105905
Q_internal: [3.77754183 2.77596746 3.77699847 2.77597827] cm^s/s
Q_internal: [13.59915059  9.99348284 13.59719451  9.99352178] L/h
----------------------------------
Q_external: [1.00103102 1.0010202  1.00156356 1.00157437] cm^s/s
Q_external: [3.60371166 3.60367273 3.60562881 3.60566775] L/h
raff_cprofile shape:(2, 5501)
C_feed shape:(2, 5501), 

Gen 18 Status:
 | Sampled Inputs:[2.50074666 1.50025085 2.50020389 1.50026165], 201.3684486621181 min [m1, m2, m3, m4, t_index]|
 Outputs: G_f1: 26.542092594030404 %, F_f2: 62.620685687638854 % | GPur, FPur: 47.206682404940636%, 72.95083336725173%


Starting gen 19
Maxing ECI
[m1, m2, m3, m4]: [4.4994797797516535, 1.9998063975791012, 4.4998890921291546, 1.999783802366671], t_index: 4.005115292378224
Q_internal: [14.526341    8.23566092 14.52737108  8.23560406] cm^s/s
Q_internal: [52.29482761 29.64837931 52.29853589 29.6481746 ] L/h
----------------------------------
Q_external: [6.29171016 6.29176702 6.29073695 6.29068008] cm^s/s
Q_external: [22.65015658 22.65036128 22.64665301 22.6464483 ] L/h
raff_cprofile shape:(2, 16815)
C_feed shape:(2, 16815), 

Gen 19 Status:
 | Sampled Inputs:[4.49947978 1.9998064  4.49988909 1.9997838 ], 80.10230584756448 min [m1, m2, m3, m4, t_index]|
 Outputs: G_f1: 84.48770099387181 %, F_f2: 17.59759019001603 % | GPur, FPur: 32.98071186830421%, 76.611921279587%


Starting gen 20
Maxing ECI
[m1, m2, m3, m4]: [2.5005868577335315, 1.5001092443055495, 2.500463735509354, 1.500109914851487], t_index: 10.08073255368714
Q_internal: [3.77276909 2.77243599 3.77264599 2.77243666] cm^s/s
Q_internal: [13.58196872  9.98076957 13.58152555  9.98077198] L/h
----------------------------------
Q_external: [1.00020999 1.00020932 1.00033243 1.0003331 ] cm^s/s
Q_external: [3.60075598 3.60075356 3.60119674 3.60119915] L/h
raff_cprofile shape:(2, 5500)
C_feed shape:(2, 5500), 

Gen 20 Status:
 | Sampled Inputs:[2.50058686 1.50010924 2.50046374 1.50010991], 201.6146510737428 min [m1, m2, m3, m4, t_index]|
 Outputs: G_f1: 26.543483317796667 %, F_f2: 62.601805101769614 % | GPur, FPur: 47.206532223238995%, 72.9526073787071%


Starting gen 21
Maxing ECI
[m1, m2, m3, m4]: [2.642599155919057, 1.500019564157642, 2.6424901678169794, 1.5000185075866974], t_index: 11.514815246190324
Q_internal: [3.42720717 2.42707167 3.42711177 2.42707074] cm^s/s
Q_internal: [12.33794582  8.737458   12.33760237  8.73745467] L/h
----------------------------------
Q_external: [1.0000401  1.00004103 1.00013643 1.0001355 ] cm^s/s
Q_external: [3.60014437 3.6001477  3.60049114 3.60048781] L/h
raff_cprofile shape:(2, 5020)
C_feed shape:(2, 5020), 

Gen 21 Status:
 | Sampled Inputs:[2.64259916 1.50001956 2.64249017 1.50001851], 230.29630492380647 min [m1, m2, m3, m4, t_index]|
 Outputs: G_f1: 32.11288069456285 %, F_f2: 58.22777636766582 % | GPur, FPur: 45.10352408317232%, 73.85224811468808%


Starting gen 22
Maxing ECI
[m1, m2, m3, m4]: [2.500956440605705, 1.5003912168226199, 2.500302715613971, 1.5004011962858195], t_index: 10.06823727861496
Q_internal: [3.77782131 2.77615903 3.77716686 2.77616902] cm^s/s
Q_internal: [13.6001567   9.99417251 13.59780071  9.99420847] L/h
----------------------------------
Q_external: [1.00100784 1.00099784 1.00165229 1.00166228] cm^s/s
Q_external: [3.60362821 3.60359224 3.60594823 3.6059842 ] L/h
raff_cprofile shape:(2, 5504)
C_feed shape:(2, 5504), 

Gen 22 Status:
 | Sampled Inputs:[2.50095644 1.50039122 2.50030272 1.5004012 ], 201.3647455722992 min [m1, m2, m3, m4, t_index]|
 Outputs: G_f1: 26.602350894075457 %, F_f2: 62.58335651434995 % | GPur, FPur: 47.20467580126837%, 72.96397372806398%


Starting gen 23
Maxing ECI
[m1, m2, m3, m4]: [2.502080562359825, 1.5004845505500661, 2.500008669803926, 1.500492232323453], t_index: 10.066002841858863
Q_internal: [3.77978551 2.77686873 3.77771088 2.77687643] cm^s/s
Q_internal: [13.60722782  9.99672744 13.59975917  9.99675513] L/h
----------------------------------
Q_external: [1.00084215 1.00083446 1.00290908 1.00291677] cm^s/s
Q_external: [3.60303173 3.60300404 3.61047269 3.61050038] L/h
raff_cprofile shape:(2, 5512)
C_feed shape:(2, 5512), 

Gen 23 Status:
 | Sampled Inputs:[2.50208056 1.50048455 2.50000867 1.50049223], 201.32005683717725 min [m1, m2, m3, m4, t_index]|
 Outputs: G_f1: 26.605019510676385 %, F_f2: 62.612635153108066 % | GPur, FPur: 47.226238389462154%, 72.97037947043641%


Starting gen 24
Maxing ECI
[m1, m2, m3, m4]: [4.499079014734099, 1.9998221583383429, 4.4999436166927005, 1.9998585761605794], t_index: 4.00742816714386
Q_internal: [14.51694919  8.23094737 14.51912379  8.23103897] cm^s/s
Q_internal: [52.26101707 29.63141055 52.26884564 29.63174029] L/h
----------------------------------
Q_external: [6.28817642 6.28808482 6.28591022 6.28600181] cm^s/s
Q_external: [22.6374351  22.63710535 22.62927678 22.62960653] L/h
raff_cprofile shape:(2, 16808)
C_feed shape:(2, 16808), 

Gen 24 Status:
 | Sampled Inputs:[4.49907901 1.99982216 4.49994362 1.99985858], 80.1485633428772 min [m1, m2, m3, m4, t_index]|
 Outputs: G_f1: 84.48097843068312 %, F_f2: 17.601155766699453 % | GPur, FPur: 32.98156095050005%, 76.61372520772183%


Starting gen 25
Maxing ECI
[m1, m2, m3, m4]: [2.5013702211811335, 1.5001123827841036, 2.5000799036627326, 1.5001718054506619], t_index: 10.071536153951193
Q_internal: [3.776998   2.77497067 3.77570669 2.77503013] cm^s/s
Q_internal: [13.5971928   9.9898944  13.59254409  9.99010848] L/h
----------------------------------
Q_external: [1.00073603 1.00067656 1.00196787 1.00202733] cm^s/s
Q_external: [3.60264969 3.60243561 3.60708432 3.60729841] L/h
raff_cprofile shape:(2, 5511)
C_feed shape:(2, 5511), 

Gen 25 Status:
 | Sampled Inputs:[2.50137022 1.50011238 2.5000799  1.50017181], 201.43072307902386 min [m1, m2, m3, m4, t_index]|
 Outputs: G_f1: 26.5736155715513 %, F_f2: 62.610539796410606 % | GPur, FPur: 47.21995167114959%, 72.9614066900676%


Starting gen 26
Maxing ECI
[m1, m2, m3, m4]: [2.505330792298694, 1.500807967810951, 2.50042706672772, 1.5007510961865287], t_index: 10.023535374818023
Q_internal: [3.79906791 2.78895892 3.79413692 2.78890173] cm^s/s
Q_internal: [13.67664448 10.04025211 13.6588929  10.04004623] L/h
----------------------------------
Q_external: [1.005178   1.00523519 1.01016618 1.01010899] cm^s/s
Q_external: [3.61864079 3.61884667 3.63659825 3.63639238] L/h
raff_cprofile shape:(2, 5538)
C_feed shape:(2, 5538), 

Gen 26 Status:
 | Sampled Inputs:[2.50533079 1.50080797 2.50042707 1.5007511 ], 200.47070749636046 min [m1, m2, m3, m4, t_index]|
 Outputs: G_f1: 26.6657473872652 %, F_f2: 62.74061862978828 % | GPur, FPur: 47.217523997344784%, 72.98163683238373%


Starting gen 27
Maxing ECI
[m1, m2, m3, m4]: [4.499224584772918, 1.999872652237202, 4.499911806420421, 1.999832857258336], t_index: 4.005213795004831
Q_internal: [14.52534154  8.23562511 14.52707096  8.23552496] cm^s/s
Q_internal: [52.29122954 29.64825039 52.29745546 29.64788986] L/h
----------------------------------
Q_external: [6.29144585 6.291546   6.28981658 6.28971643] cm^s/s
Q_external: [22.64920507 22.6495656  22.64333968 22.64297916] L/h
raff_cprofile shape:(2, 16813)
C_feed shape:(2, 16813), 

Gen 27 Status:
 | Sampled Inputs:[4.49922458 1.99987265 4.49991181 1.99983286], 80.10427590009662 min [m1, m2, m3, m4, t_index]|
 Outputs: G_f1: 84.48532298870188 %, F_f2: 17.599073659567374 % | GPur, FPur: 32.98093919443127%, 76.61187394843179%


Starting gen 28
Maxing ECI
[m1, m2, m3, m4]: [4.253487833052425, 1.5054000853538, 4.220209545560739, 1.5004681738574943], t_index: 19.999977173471294
Q_internal: [2.78501566 1.40007728 2.76824459 1.39759177] cm^s/s
Q_internal: [10.02605638  5.0402782   9.96568052  5.03133037] L/h
----------------------------------
Q_external: [1.36816731 1.37065282 1.38742389 1.38493838] cm^s/s
Q_external: [4.92540232 4.93435015 4.99472601 4.98577818] L/h
raff_cprofile shape:(2, 4059)
C_feed shape:(2, 4059), 

Gen 28 Status:
 | Sampled Inputs:[4.25348783 1.50540009 4.22020955 1.50046817], 399.9995434694259 min [m1, m2, m3, m4, t_index]|
 Outputs: G_f1: 62.405880401703016 %, F_f2: 27.515482210454827 % | GPur, FPur: 34.48940542431361%, 75.02745490656962%


Starting gen 29
Maxing ECI
[m1, m2, m3, m4]: [2.5003183632258805, 1.500416267208283, 2.500321941103924, 1.5004258271172783], t_index: 10.066568724295683
Q_internal: [3.7778086  2.77664427 3.77781219 2.77665384] cm^s/s
Q_internal: [13.60011098  9.99591936 13.60012387  9.99595381] L/h
----------------------------------
Q_external: [1.00116792 1.00115835 1.00115477 1.00116434] cm^s/s
Q_external: [3.60420452 3.60417006 3.60415716 3.60419162] L/h
raff_cprofile shape:(2, 5503)
C_feed shape:(2, 5503), 

Gen 29 Status:
 | Sampled Inputs:[2.50031836 1.50041627 2.50032194 1.50042583], 201.33137448591367 min [m1, m2, m3, m4, t_index]|
 Outputs: G_f1: 26.602803182306832 %, F_f2: 62.566768931001974 % | GPur, FPur: 47.19373903972724%, 72.96097309581661%


Starting gen 30
Maxing ECI
[m1, m2, m3, m4]: [2.5036832476746262, 1.5001489535989172, 2.500256084250779, 1.5001189874493828], t_index: 10.070663437123972
Q_internal: [3.77964032 2.77524774 3.77621022 2.77521775] cm^s/s
Q_internal: [13.60670514  9.99089188 13.5943568   9.99078391] L/h
----------------------------------
Q_external: [1.00096248 1.00099247 1.00442256 1.00439257] cm^s/s
Q_external: [3.60346492 3.60357289 3.61592123 3.61581326] L/h
raff_cprofile shape:(2, 5504)
C_feed shape:(2, 5504), 

Gen 30 Status:
 | Sampled Inputs:[2.50368325 1.50014895 2.50025608 1.50011899], 201.41326874247943 min [m1, m2, m3, m4, t_index]|
 Outputs: G_f1: 26.57575701136295 %, F_f2: 62.67425938827208 % | GPur, FPur: 47.24579379907381%, 72.96912915700335%


Starting gen 31
Maxing ECI
[m1, m2, m3, m4]: [4.44952035780085, 1.5004750851408493, 4.306170329676381, 1.5004825026236048], t_index: 19.999654656808197
Q_internal: [2.88385558 1.39761779 2.8116111  1.39762153] cm^s/s
Q_internal: [10.38188009  5.03142405 10.12179997  5.03143751] L/h
----------------------------------
Q_external: [1.41399331 1.41398957 1.48623405 1.48623779] cm^s/s
Q_external: [5.09037593 5.09036247 5.35044258 5.35045604] L/h
raff_cprofile shape:(2, 4110)
C_feed shape:(2, 4110), 

Gen 31 Status:
 | Sampled Inputs:[4.44952036 1.50047509 4.30617033 1.5004825 ], 399.9930931361639 min [m1, m2, m3, m4, t_index]|
 Outputs: G_f1: 63.22060908344637 %, F_f2: 27.304163441261153 % | GPur, FPur: 34.358277461816236%, 74.95520591731325%


Starting gen 32
Maxing ECI
[m1, m2, m3, m4]: [2.5414540187754886, 1.500044978557422, 2.540334768877832, 1.5000449813857142], t_index: 10.484438745074822
Q_internal: [3.66678546 2.6656208  3.66570947 2.6656208 ] cm^s/s
Q_internal: [13.20042767  9.59623488 13.19655408  9.59623489] L/h
----------------------------------
Q_external: [1.00008867 1.00008866 1.00116466 1.00116466] cm^s/s
Q_external: [3.6003192  3.60031919 3.60419278 3.60419279] L/h
raff_cprofile shape:(2, 5340)
C_feed shape:(2, 5340), 

Gen 32 Status:
 | Sampled Inputs:[2.54145402 1.50004498 2.54033477 1.50004498], 209.68877490149646 min [m1, m2, m3, m4, t_index]|
 Outputs: G_f1: 28.20901921864018 %, F_f2: 61.527663600071335 % | GPur, FPur: 46.8421095809596%, 73.27789622857684%


Starting gen 33
Maxing ECI
[m1, m2, m3, m4]: [4.4994654596109935, 1.9999705066561364, 4.499881404273183, 1.9998224837917327], t_index: 4.007250518980471
Q_internal: [14.51856476  8.2316854  14.51961097  8.23131308] cm^s/s
Q_internal: [52.26683313 29.63406744 52.27059948 29.6327271 ] L/h
----------------------------------
Q_external: [6.28792557 6.28829788 6.28725167 6.28687936] cm^s/s
Q_external: [22.63653204 22.63787238 22.63410602 22.63276569] L/h
raff_cprofile shape:(2, 16813)
C_feed shape:(2, 16813), 

Gen 33 Status:
 | Sampled Inputs:[4.49946546 1.99997051 4.4998814  1.99982248], 80.14501037960942 min [m1, m2, m3, m4, t_index]|
 Outputs: G_f1: 84.48754263720961 %, F_f2: 17.59191911584739 % | GPur, FPur: 32.98081454977456%, 76.61503847470355%


Starting gen 34
Maxing ECI
[m1, m2, m3, m4]: [2.5013248880398025, 1.5000601991457463, 2.500086719095235, 1.500178030832015], t_index: 10.069754942862028
Q_internal: [3.77762073 2.77540929 3.77638139 2.77552723] cm^s/s
Q_internal: [13.59943462  9.99147344 13.594973    9.99189804] L/h
----------------------------------
Q_external: [1.0009721  1.00085415 1.00209349 1.00221144] cm^s/s
Q_external: [3.60349955 3.60307496 3.60753658 3.60796118] L/h
raff_cprofile shape:(2, 5511)
C_feed shape:(2, 5511), 

Gen 34 Status:
 | Sampled Inputs:[2.50132489 1.5000602  2.50008672 1.50017803], 201.39509885724055 min [m1, m2, m3, m4, t_index]|
 Outputs: G_f1: 26.580309353616645 %, F_f2: 62.60942494067269 % | GPur, FPur: 47.2162348132019%, 72.96149521020644%


Starting gen 35
Maxing ECI
[m1, m2, m3, m4]: [4.213132387807885, 1.500188581902183, 4.16619720250632, 1.5001080252452885], t_index: 19.99998033882645
Q_internal: [2.76467752 1.39745064 2.74102386 1.39741005] cm^s/s
Q_internal: [9.95283906 5.03082232 9.86768589 5.03067617] L/h
----------------------------------
Q_external: [1.34357321 1.34361381 1.36726747 1.36722687] cm^s/s
Q_external: [4.83686357 4.83700972 4.92216289 4.92201674] L/h
raff_cprofile shape:(2, 4041)
C_feed shape:(2, 4041), 

Gen 35 Status:
 | Sampled Inputs:[4.21313239 1.50018858 4.1661972  1.50010803], 399.999606776529 min [m1, m2, m3, m4, t_index]|
 Outputs: G_f1: 61.70481191301428 %, F_f2: 28.08108227117639 % | GPur, FPur: 34.57703330868588%, 74.98359620258239%


Starting gen 36
Maxing ECI
[m1, m2, m3, m4]: [2.5415385202638423, 1.500010000459067, 2.5414144021738587, 1.5000089612480991], t_index: 10.496441075712298
Q_internal: [3.66267376 2.66253916 3.66255458 2.66253817] cm^s/s
Q_internal: [13.18562554  9.58514099 13.18519647  9.5851374 ] L/h
----------------------------------
Q_external: [1.00001541 1.00001641 1.00013559 1.0001346 ] cm^s/s
Q_external: [3.60005548 3.60005907 3.60048814 3.60048455] L/h
raff_cprofile shape:(2, 5326)
C_feed shape:(2, 5326), 

Gen 36 Status:
 | Sampled Inputs:[2.54153852 1.50001    2.5414144  1.50000896], 209.92882151424595 min [m1, m2, m3, m4, t_index]|
 Outputs: G_f1: 28.282515848279573 %, F_f2: 61.45656450166411 % | GPur, FPur: 46.81310606044886%, 73.28930831350104%


Starting gen 37
Maxing ECI
[m1, m2, m3, m4]: [4.4993877182867, 1.999979038738871, 4.499921393055721, 1.9997530980035612], t_index: 4.005492792786671
Q_internal: [14.5247403   8.23531917 14.52608322  8.23475062] cm^s/s
Q_internal: [52.28906507 29.64714902 52.29389958 29.64510224] L/h
----------------------------------
Q_external: [6.29076405 6.2913326  6.28998968 6.28942113] cm^s/s
Q_external: [22.64675057 22.64879734 22.64396283 22.64191606] L/h
raff_cprofile shape:(2, 16809)
C_feed shape:(2, 16809), 

Gen 37 Status:
 | Sampled Inputs:[4.49938772 1.99997904 4.49992139 1.9997531 ], 80.10985585573343 min [m1, m2, m3, m4, t_index]|
 Outputs: G_f1: 84.48407410144085 %, F_f2: 17.602438928353454 % | GPur, FPur: 32.98167829682414%, 76.6139928519756%


Starting gen 38
Maxing ECI
[m1, m2, m3, m4]: [2.970233261171204, 1.5000020532884217, 2.970223714239599, 1.5000017466993572], t_index: 14.818717290881063
Q_internal: [2.88594291 1.88593282 2.88593642 1.88593262] cm^s/s
Q_internal: [10.38939448  6.78935817 10.3893711   6.78935741] L/h
----------------------------------
Q_external: [1.00000359 1.0000038  1.0000103  1.00001009] cm^s/s
Q_external: [3.60001293 3.60001369 3.60003706 3.60003631] L/h
raff_cprofile shape:(2, 4338)
C_feed shape:(2, 4338), 

Gen 38 Status:
 | Sampled Inputs:[2.97023326 1.50000205 2.97022371 1.50000175], 296.37434581762125 min [m1, m2, m3, m4, t_index]|
 Outputs: G_f1: 42.00190235666781 %, F_f2: 46.987815404695695 % | GPur, FPur: 39.90402309550966%, 74.61497509578152%


Starting gen 39
Maxing ECI
[m1, m2, m3, m4]: [2.9859337726544593, 1.50000090272119, 2.9859310676503035, 1.500000754687886], t_index: 14.977083539877501
Q_internal: [2.86599335 1.86599038 2.86599153 1.86599028] cm^s/s
Q_internal: [10.31757608  6.71756535 10.31756952  6.717565  ] L/h
----------------------------------
Q_external: [1.00000116 1.00000126 1.00000308 1.00000298] cm^s/s
Q_external: [3.60000417 3.60000453 3.60001108 3.60001072] L/h
raff_cprofile shape:(2, 4318)
C_feed shape:(2, 4318), 

Gen 39 Status:
 | Sampled Inputs:[2.98593377 1.5000009  2.98593107 1.50000075], 299.54167079755 min [m1, m2, m3, m4, t_index]|
 Outputs: G_f1: 42.331444977625374 %, F_f2: 46.55585951642297 % | GPur, FPur: 39.7411380341308%, 74.62479864847874%


Starting gen 40
Maxing ECI
[m1, m2, m3, m4]: [2.9792694869306136, 1.5000043576879598, 2.979255801250161, 1.5000031250192818], t_index: 14.909730375516432
Q_internal: [2.87443499 1.87442213 2.87442574 1.8744213 ] cm^s/s
Q_internal: [10.34796597  6.74791967 10.34793267  6.74791667] L/h
----------------------------------
Q_external: [1.00000361 1.00000444 1.0000137  1.00001286] cm^s/s
Q_external: [3.600013  3.600016  3.6000493 3.6000463] L/h
raff_cprofile shape:(2, 4338)
C_feed shape:(2, 4338), 

Gen 40 Status:
 | Sampled Inputs:[2.97926949 1.50000436 2.9792558  1.50000313], 298.19460751032864 min [m1, m2, m3, m4, t_index]|
 Outputs: G_f1: 42.15773712494802 %, F_f2: 46.76145898324219 % | GPur, FPur: 39.82185859755311%, 74.61121931798051%


Starting gen 41
Maxing ECI
[m1, m2, m3, m4]: [2.5005614618793963, 1.500088100150923, 2.5000521390477357, 1.5000944342211453], t_index: 10.052930676539539
Q_internal: [3.78317741 2.7800821  3.78266675 2.78008845] cm^s/s
Q_internal: [13.61943866 10.00829556 13.6176003  10.00831842] L/h
----------------------------------
Q_external: [1.00258465 1.0025783  1.00308896 1.00309531] cm^s/s
Q_external: [3.60930473 3.60928187 3.61112024 3.6111431 ] L/h
raff_cprofile shape:(2, 5509)
C_feed shape:(2, 5509), 

Gen 41 Status:
 | Sampled Inputs:[2.50056146 1.5000881  2.50005214 1.50009443], 201.05861353079078 min [m1, m2, m3, m4, t_index]|
 Outputs: G_f1: 26.62563089352955 %, F_f2: 62.5975158933428 % | GPur, FPur: 47.1863824165474%, 72.96370287297857%


Starting gen 42
Maxing ECI
[m1, m2, m3, m4]: [4.499494401262217, 1.9999074983086909, 4.499947046800341, 1.9998665226957941], t_index: 4.005784740373056
Q_internal: [14.52395015  8.23453896 14.52508908  8.23443586] cm^s/s
Q_internal: [52.28622053 29.64434026 52.29032071 29.64396909] L/h
----------------------------------
Q_external: [6.29055012 6.29065323 6.28951429 6.28941119] cm^s/s
Q_external: [22.64598045 22.64635161 22.64225144 22.64188027] L/h
raff_cprofile shape:(2, 16817)
C_feed shape:(2, 16817), 

Gen 42 Status:
 | Sampled Inputs:[4.4994944  1.9999075  4.49994705 1.99986652], 80.11569480746113 min [m1, m2, m3, m4, t_index]|
 Outputs: G_f1: 84.48517578022182 %, F_f2: 17.59526978141874 % | GPur, FPur: 32.98066401270926%, 76.61243334649409%


Starting gen 43
Maxing ECI
[m1, m2, m3, m4]: [4.161600211536178, 1.5000141465556927, 4.047084122753901, 1.5000118997675218], t_index: 19.99999384502929
Q_internal: [2.73870529 1.39736179 2.68099331 1.39736066] cm^s/s
Q_internal: [9.85933904 5.03050245 9.6515759  5.03049837] L/h
----------------------------------
Q_external: [1.28363151 1.28363265 1.34134463 1.3413435 ] cm^s/s
Q_external: [4.62107345 4.62107753 4.82884067 4.82883659] L/h
raff_cprofile shape:(2, 3993)
C_feed shape:(2, 3993), 

Gen 43 Status:
 | Sampled Inputs:[4.16160021 1.50001415 4.04708412 1.5000119 ], 399.99987690058583 min [m1, m2, m3, m4, t_index]|
 Outputs: G_f1: 60.33696956168654 %, F_f2: 29.157566484196344 % | GPur, FPur: 34.7920391131982%, 74.99796055929832%


Starting gen 44
Maxing ECI
[m1, m2, m3, m4]: [4.499886999266155, 1.9998385461745223, 4.499962338739473, 1.9999972125490477], t_index: 4.000296965852407
Q_internal: [14.54486391  8.24566171 14.54505374  8.24606149] cm^s/s
Q_internal: [52.36151008 29.68438216 52.36219346 29.68582137] L/h
----------------------------------
Q_external: [6.29939203 6.29899225 6.29880242 6.2992022 ] cm^s/s
Q_external: [22.6778113  22.67637209 22.67568871 22.67712792] L/h
raff_cprofile shape:(2, 16843)
C_feed shape:(2, 16843), 

Gen 44 Status:
 | Sampled Inputs:[4.499887   1.99983855 4.49996234 1.99999721], 80.00593931704813 min [m1, m2, m3, m4, t_index]|
 Outputs: G_f1: 84.49083507218741 %, F_f2: 17.592441707562084 % | GPur, FPur: 32.978654899564106%, 76.60437365868714%


Starting gen 45
Maxing ECI
[m1, m2, m3, m4]: [2.5009445784791176, 1.500195196691257, 2.5001757051840725, 1.5001574816799308], t_index: 10.073636438233159
Q_internal: [3.77578464 2.77447496 3.77501534 2.77443723] cm^s/s
Q_internal: [13.59282471  9.98810987 13.59005522  9.98797402] L/h
----------------------------------
Q_external: [1.00054037 1.00057811 1.00134741 1.00130968] cm^s/s
Q_external: [3.60194535 3.6020812  3.60485069 3.60471484] L/h
raff_cprofile shape:(2, 5507)
C_feed shape:(2, 5507), 

Gen 45 Status:
 | Sampled Inputs:[2.50094458 1.5001952  2.50017571 1.50015748], 201.47272876466317 min [m1, m2, m3, m4, t_index]|
 Outputs: G_f1: 26.56691004007603 %, F_f2: 62.596774226782024 % | GPur, FPur: 47.21364269778347%, 72.95865064039819%


Starting gen 46
Maxing ECI
[m1, m2, m3, m4]: [2.5055068647750387, 1.5002930724049344, 2.501265191194405, 1.5002952037981845], t_index: 10.085761248598038
Q_internal: [3.77580486 2.77123738 3.77156591 2.77123951] cm^s/s
Q_internal: [13.59289748  9.97645458 13.57763727  9.97646225] L/h
----------------------------------
Q_external: [1.00032853 1.0003264  1.00456534 1.00456747] cm^s/s
Q_external: [3.60118269 3.60117503 3.61643523 3.6164429 ] L/h
raff_cprofile shape:(2, 5495)
C_feed shape:(2, 5495), 

Gen 46 Status:
 | Sampled Inputs:[2.50550686 1.50029307 2.50126519 1.5002952 ], 201.71522497196077 min [m1, m2, m3, m4, t_index]|
 Outputs: G_f1: 26.671032206058005 %, F_f2: 62.6280736290202 % | GPur, FPur: 47.25070468230354%, 72.9947855324474%


Starting gen 47
Maxing ECI
[m1, m2, m3, m4]: [4.4975015065419734, 1.9987462146255575, 4.499370942317368, 1.9987914104909144], t_index: 4.0325082515356705
Q_internal: [14.42271839  8.17706587 14.42739106  8.17717884] cm^s/s
Q_internal: [51.92178622 29.43743715 51.93860781 29.43784383] L/h
----------------------------------
Q_external: [6.25032518 6.25021222 6.24553955 6.24565252] cm^s/s
Q_external: [22.50117066 22.50076398 22.48394239 22.48434907] L/h
raff_cprofile shape:(2, 16694)
C_feed shape:(2, 16694), 

Gen 47 Status:
 | Sampled Inputs:[4.49750151 1.99874621 4.49937094 1.99879141], 80.65016503071341 min [m1, m2, m3, m4, t_index]|
 Outputs: G_f1: 84.48976332923664 %, F_f2: 17.5856306228408 % | GPur, FPur: 32.986475043857105%, 76.64644429271841%


Starting gen 48
Maxing ECI
[m1, m2, m3, m4]: [3.4866728919250822, 1.5003859845264718, 3.484582096862454, 1.5004237197834411], t_index: 19.991857757527864
Q_internal: [2.39954238 1.39811795 2.39848826 1.39813697] cm^s/s
Q_internal: [8.63835256 5.0332246  8.63455775 5.03329309] L/h
----------------------------------
Q_external: [1.00037032 1.00035129 1.00140541 1.00142443] cm^s/s
Q_external: [3.60133315 3.60126466 3.60505947 3.60512796] L/h
raff_cprofile shape:(2, 3744)
C_feed shape:(2, 3744), 

Gen 48 Status:
 | Sampled Inputs:[3.48667289 1.50038598 3.4845821  1.50042372], 399.8371551505573 min [m1, m2, m3, m4, t_index]|
 Outputs: G_f1: 51.35116927041861 %, F_f2: 34.60958751057092 % | GPur, FPur: 36.470115949355765%, 75.03047650160129%


Starting gen 49
Maxing ECI
[m1, m2, m3, m4]: [4.499628673220466, 1.9999120092076137, 4.499944548094597, 1.9999337987457684], t_index: 4.00397579524261
Q_internal: [14.53084989  8.23827058 14.53164504  8.23832543] cm^s/s
Q_internal: [52.31105959 29.65777407 52.31392216 29.65797154] L/h
----------------------------------
Q_external: [6.29337447 6.29331962 6.29252446 6.29257931] cm^s/s
Q_external: [22.65614809 22.65595062 22.65308806 22.65328552] L/h
raff_cprofile shape:(2, 16828)
C_feed shape:(2, 16828), 

Gen 49 Status:
 | Sampled Inputs:[4.49962867 1.99991201 4.49994455 1.9999338 ], 80.0795159048522 min [m1, m2, m3, m4, t_index]|
 Outputs: G_f1: 84.48052100049085 %, F_f2: 17.605888218240295 % | GPur, FPur: 32.981162687676324%, 76.60949389453555%


Starting gen 50
Maxing ECI
[m1, m2, m3, m4]: [4.499432356490038, 1.999910434428922, 4.499940996948738, 1.9998834776862309], t_index: 4.003898438206631
Q_internal: [14.53063643  8.23842578 14.53191686  8.23835792] cm^s/s
Q_internal: [52.31029114 29.6583328  52.31490071 29.65808851] L/h
----------------------------------
Q_external: [6.29349108 6.29355894 6.29227851 6.29221065] cm^s/s
Q_external: [22.6565679  22.6568122  22.65220264 22.65195834] L/h
raff_cprofile shape:(2, 16829)
C_feed shape:(2, 16829), 

Gen 50 Status:
 | Sampled Inputs:[4.49943236 1.99991043 4.499941   1.99988348], 80.07796876413263 min [m1, m2, m3, m4, t_index]|
 Outputs: G_f1: 84.48378125078949 %, F_f2: 17.60185728016567 % | GPur, FPur: 32.98087094335717%, 76.61015976498504%
size of inputs_all: [[ 3.          2.13        2.35        1.5        10.        ]
 [ 3.62898731  1.83578756  4.41147165  1.73169955  4.32000539]
 [ 3.28791768  1.56749365  2.87709281  1.82141844  6.22624823]
 [ 2.50020349  1.50078232  2.50001664  1.50047477  4.00217295]
 [ 4.49995926  1.9999118   4.499969    1.99982286  4.00058447]
 [ 4.499985    1.50004771  4.49998385  1.50000878  4.00011119]
 [ 2.50002085  1.99998991  4.4999759   1.99999918  4.00021337]
 [ 4.14945463  1.99992557  4.49999828  1.99933345  4.0000091 ]
 [ 4.49729738  1.9995435   4.49965176  1.99954642  4.00691111]
 [ 2.53520398  1.50001071  2.50001649  1.50000757 10.07900321]
 [ 2.83274128  1.50000088  2.83273209  1.50000085 13.43296277]
 [ 4.49993414  1.99989631  4.49995652  1.99986476  4.00056087]
 [ 4.49897997  1.99989686  4.49971263  1.99963961  4.00664147]
 [ 2.50233566  1.50019542  2.50026617  1.50020045 10.07934781]
 [ 2.50395364  1.50018062  2.50126876  1.50019411 10.08699054]
 [ 4.49997673  1.99993161  4.4999833   1.99999777  4.00208951]
 [ 2.5041179   1.5000069   2.50101617  1.50001341 10.0819492 ]
 [ 2.655055    1.50000521  2.65503441  1.50000536 11.64180961]
 [ 2.50074666  1.50025085  2.50020389  1.50026165 10.06842243]
 [ 4.49947978  1.9998064   4.49988909  1.9997838   4.00511529]
 [ 2.50058686  1.50010924  2.50046374  1.50010991 10.08073255]
 [ 2.64259916  1.50001956  2.64249017  1.50001851 11.51481525]
 [ 2.50095644  1.50039122  2.50030272  1.5004012  10.06823728]
 [ 2.50208056  1.50048455  2.50000867  1.50049223 10.06600284]
 [ 4.49907901  1.99982216  4.49994362  1.99985858  4.00742817]
 [ 2.50137022  1.50011238  2.5000799   1.50017181 10.07153615]
 [ 2.50533079  1.50080797  2.50042707  1.5007511  10.02353537]
 [ 4.49922458  1.99987265  4.49991181  1.99983286  4.0052138 ]
 [ 4.25348783  1.50540009  4.22020955  1.50046817 19.99997717]
 [ 2.50031836  1.50041627  2.50032194  1.50042583 10.06656872]
 [ 2.50368325  1.50014895  2.50025608  1.50011899 10.07066344]
 [ 4.44952036  1.50047509  4.30617033  1.5004825  19.99965466]
 [ 2.54145402  1.50004498  2.54033477  1.50004498 10.48443875]
 [ 4.49946546  1.99997051  4.4998814   1.99982248  4.00725052]
 [ 2.50132489  1.5000602   2.50008672  1.50017803 10.06975494]
 [ 4.21313239  1.50018858  4.1661972   1.50010803 19.99998034]
 [ 2.54153852  1.50001     2.5414144   1.50000896 10.49644108]
 [ 4.49938772  1.99997904  4.49992139  1.9997531   4.00549279]
 [ 2.97023326  1.50000205  2.97022371  1.50000175 14.81871729]
 [ 2.98593377  1.5000009   2.98593107  1.50000075 14.97708354]
 [ 2.97926949  1.50000436  2.9792558   1.50000313 14.90973038]
 [ 2.50056146  1.5000881   2.50005214  1.50009443 10.05293068]
 [ 4.4994944   1.9999075   4.49994705  1.99986652  4.00578474]
 [ 4.16160021  1.50001415  4.04708412  1.5000119  19.99999385]
 [ 4.499887    1.99983855  4.49996234  1.99999721  4.00029697]
 [ 2.50094458  1.5001952   2.50017571  1.50015748 10.07363644]
 [ 2.50550686  1.50029307  2.50126519  1.5002952  10.08576125]
 [ 4.49750151  1.99874621  4.49937094  1.99879141  4.03250825]
 [ 3.48667289  1.50038598  3.4845821   1.50042372 19.99185776]
 [ 4.49962867  1.99991201  4.49994455  1.9999338   4.0039758 ]
 [ 4.49943236  1.99991043  4.499941    1.99988348  4.00389844]]
OPTIMIZATION COMPLETE
Saved Sucessfully :)
